{"/Users/habs/Hacktiv8/phase-2/IP-HCK87/server/controllers/AiController.js": {"path":"/Users/habs/Hacktiv8/phase-2/IP-HCK87/server/controllers/AiController.js","statementMap":{"0":{"start":{"line":1,"column":24},"end":{"line":1,"column":48}},"1":{"start":{"line":4,"column":31},"end":{"line":70,"column":1}},"2":{"start":{"line":5,"column":4},"end":{"line":69,"column":5}},"3":{"start":{"line":7,"column":26},"end":{"line":7,"column":72}},"4":{"start":{"line":8,"column":25},"end":{"line":8,"column":27}},"5":{"start":{"line":9,"column":27},"end":{"line":9,"column":29}},"6":{"start":{"line":11,"column":8},"end":{"line":29,"column":9}},"7":{"start":{"line":13,"column":12},"end":{"line":13,"column":45}},"8":{"start":{"line":15,"column":12},"end":{"line":15,"column":80}},"9":{"start":{"line":18,"column":32},"end":{"line":18,"column":56}},"10":{"start":{"line":19,"column":35},"end":{"line":19,"column":64}},"11":{"start":{"line":21,"column":12},"end":{"line":28,"column":13}},"12":{"start":{"line":22,"column":16},"end":{"line":22,"column":47}},"13":{"start":{"line":24,"column":16},"end":{"line":24,"column":74}},"14":{"start":{"line":27,"column":16},"end":{"line":27,"column":67}},"15":{"start":{"line":32,"column":27},"end":{"line":32,"column":49}},"16":{"start":{"line":35,"column":8},"end":{"line":37,"column":9}},"17":{"start":{"line":36,"column":12},"end":{"line":36,"column":56}},"18":{"start":{"line":40,"column":30},"end":{"line":49,"column":10}},"19":{"start":{"line":41,"column":12},"end":{"line":48,"column":14}},"20":{"start":{"line":51,"column":8},"end":{"line":56,"column":10}},"21":{"start":{"line":59,"column":8},"end":{"line":59,"column":70}},"22":{"start":{"line":62,"column":8},"end":{"line":68,"column":10}},"23":{"start":{"line":75,"column":8},"end":{"line":75,"column":93}},"24":{"start":{"line":75,"column":23},"end":{"line":75,"column":93}},"25":{"start":{"line":77,"column":19},"end":{"line":77,"column":38}},"26":{"start":{"line":79,"column":8},"end":{"line":129,"column":9}},"27":{"start":{"line":81,"column":29},"end":{"line":116,"column":14}},"28":{"start":{"line":118,"column":38},"end":{"line":118,"column":75}},"29":{"start":{"line":121,"column":12},"end":{"line":121,"column":51}},"30":{"start":{"line":125,"column":12},"end":{"line":125,"column":30}},"31":{"start":{"line":127,"column":12},"end":{"line":127,"column":23}},"32":{"start":{"line":136,"column":0},"end":{"line":136,"column":30}}},"fnMap":{"0":{"name":"(anonymous_0)","decl":{"start":{"line":4,"column":31},"end":{"line":4,"column":32}},"loc":{"start":{"line":4,"column":47},"end":{"line":70,"column":1}},"line":4},"1":{"name":"(anonymous_1)","decl":{"start":{"line":40,"column":45},"end":{"line":40,"column":46}},"loc":{"start":{"line":40,"column":53},"end":{"line":49,"column":9}},"line":40},"2":{"name":"(anonymous_2)","decl":{"start":{"line":74,"column":4},"end":{"line":74,"column":5}},"loc":{"start":{"line":74,"column":52},"end":{"line":131,"column":5}},"line":74}},"branchMap":{"0":{"loc":{"start":{"line":11,"column":8},"end":{"line":29,"column":9}},"type":"if","locations":[{"start":{"line":11,"column":8},"end":{"line":29,"column":9}},{"start":{"line":16,"column":15},"end":{"line":29,"column":9}}],"line":11},"1":{"loc":{"start":{"line":21,"column":12},"end":{"line":28,"column":13}},"type":"if","locations":[{"start":{"line":21,"column":12},"end":{"line":28,"column":13}},{"start":{"line":25,"column":19},"end":{"line":28,"column":13}}],"line":21},"2":{"loc":{"start":{"line":35,"column":8},"end":{"line":37,"column":9}},"type":"if","locations":[{"start":{"line":35,"column":8},"end":{"line":37,"column":9}},{"start":{},"end":{}}],"line":35},"3":{"loc":{"start":{"line":42,"column":20},"end":{"line":42,"column":33}},"type":"binary-expr","locations":[{"start":{"line":42,"column":20},"end":{"line":42,"column":27}},{"start":{"line":42,"column":31},"end":{"line":42,"column":33}}],"line":42},"4":{"loc":{"start":{"line":43,"column":22},"end":{"line":43,"column":37}},"type":"binary-expr","locations":[{"start":{"line":43,"column":22},"end":{"line":43,"column":31}},{"start":{"line":43,"column":35},"end":{"line":43,"column":37}}],"line":43},"5":{"loc":{"start":{"line":44,"column":24},"end":{"line":44,"column":41}},"type":"binary-expr","locations":[{"start":{"line":44,"column":24},"end":{"line":44,"column":35}},{"start":{"line":44,"column":39},"end":{"line":44,"column":41}}],"line":44},"6":{"loc":{"start":{"line":45,"column":31},"end":{"line":45,"column":66}},"type":"binary-expr","locations":[{"start":{"line":45,"column":31},"end":{"line":45,"column":61}},{"start":{"line":45,"column":65},"end":{"line":45,"column":66}}],"line":45},"7":{"loc":{"start":{"line":46,"column":28},"end":{"line":46,"column":58}},"type":"binary-expr","locations":[{"start":{"line":46,"column":28},"end":{"line":46,"column":53}},{"start":{"line":46,"column":57},"end":{"line":46,"column":58}}],"line":46},"8":{"loc":{"start":{"line":47,"column":22},"end":{"line":47,"column":46}},"type":"binary-expr","locations":[{"start":{"line":47,"column":22},"end":{"line":47,"column":41}},{"start":{"line":47,"column":45},"end":{"line":47,"column":46}}],"line":47},"9":{"loc":{"start":{"line":54,"column":21},"end":{"line":54,"column":76}},"type":"binary-expr","locations":[{"start":{"line":54,"column":21},"end":{"line":54,"column":33}},{"start":{"line":54,"column":37},"end":{"line":54,"column":76}}],"line":54},"10":{"loc":{"start":{"line":75,"column":8},"end":{"line":75,"column":93}},"type":"if","locations":[{"start":{"line":75,"column":8},"end":{"line":75,"column":93}},{"start":{},"end":{}}],"line":75}},"s":{"0":4,"1":4,"2":11,"3":11,"4":11,"5":11,"6":11,"7":3,"8":3,"9":8,"10":8,"11":8,"12":6,"13":6,"14":2,"15":9,"16":8,"17":1,"18":7,"19":7,"20":7,"21":4,"22":4,"23":16,"24":2,"25":14,"26":14,"27":14,"28":11,"29":11,"30":3,"31":3,"32":4},"f":{"0":11,"1":7,"2":16},"b":{"0":[3,8],"1":[6,2],"2":[1,7],"3":[7,0],"4":[7,0],"5":[7,1],"6":[7,1],"7":[7,1],"8":[7,1],"9":[7,0],"10":[2,14]},"_coverageSchema":"1a1c01bbd47fc00a2c39e90264f33305004495a9","hash":"46fb62d2ee27c06cab187f3f82cf28520b84c3ec"}
,"/Users/habs/Hacktiv8/phase-2/IP-HCK87/server/controllers/MarketController.js": {"path":"/Users/habs/Hacktiv8/phase-2/IP-HCK87/server/controllers/MarketController.js","statementMap":{"0":{"start":{"line":1,"column":13},"end":{"line":1,"column":39}},"1":{"start":{"line":7,"column":8},"end":{"line":28,"column":9}},"2":{"start":{"line":9,"column":29},"end":{"line":19,"column":14}},"3":{"start":{"line":21,"column":12},"end":{"line":21,"column":48}},"4":{"start":{"line":26,"column":12},"end":{"line":26,"column":24}},"5":{"start":{"line":36,"column":0},"end":{"line":36,"column":34}}},"fnMap":{"0":{"name":"(anonymous_0)","decl":{"start":{"line":5,"column":4},"end":{"line":5,"column":5}},"loc":{"start":{"line":5,"column":48},"end":{"line":31,"column":5}},"line":5}},"branchMap":{},"s":{"0":4,"1":9,"2":9,"3":5,"4":4,"5":4},"f":{"0":9},"b":{},"_coverageSchema":"1a1c01bbd47fc00a2c39e90264f33305004495a9","hash":"199c5b3f37476ab202219e999fe9b75afaaf64b5"}
,"/Users/habs/Hacktiv8/phase-2/IP-HCK87/server/controllers/PortofolioController.js": {"path":"/Users/habs/Hacktiv8/phase-2/IP-HCK87/server/controllers/PortofolioController.js","statementMap":{"0":{"start":{"line":1,"column":13},"end":{"line":1,"column":39}},"1":{"start":{"line":2,"column":19},"end":{"line":2,"column":39}},"2":{"start":{"line":9,"column":8},"end":{"line":79,"column":9}},"3":{"start":{"line":10,"column":28},"end":{"line":10,"column":37}},"4":{"start":{"line":11,"column":12},"end":{"line":13,"column":13}},"5":{"start":{"line":12,"column":16},"end":{"line":12,"column":110}},"6":{"start":{"line":15,"column":12},"end":{"line":15,"column":87}},"7":{"start":{"line":15,"column":57},"end":{"line":15,"column":84}},"8":{"start":{"line":16,"column":32},"end":{"line":16,"column":34}},"9":{"start":{"line":17,"column":33},"end":{"line":17,"column":35}},"10":{"start":{"line":19,"column":12},"end":{"line":62,"column":13}},"11":{"start":{"line":20,"column":16},"end":{"line":61,"column":17}},"12":{"start":{"line":22,"column":45},"end":{"line":28,"column":22}},"13":{"start":{"line":31,"column":51},"end":{"line":41,"column":22}},"14":{"start":{"line":44,"column":20},"end":{"line":48,"column":21}},"15":{"start":{"line":45,"column":24},"end":{"line":45,"column":102}},"16":{"start":{"line":47,"column":24},"end":{"line":47,"column":46}},"17":{"start":{"line":50,"column":20},"end":{"line":54,"column":21}},"18":{"start":{"line":51,"column":24},"end":{"line":51,"column":80}},"19":{"start":{"line":53,"column":24},"end":{"line":53,"column":48}},"20":{"start":{"line":57,"column":20},"end":{"line":57,"column":109}},"21":{"start":{"line":59,"column":20},"end":{"line":59,"column":42}},"22":{"start":{"line":60,"column":20},"end":{"line":60,"column":44}},"23":{"start":{"line":64,"column":33},"end":{"line":64,"column":87}},"24":{"start":{"line":64,"column":70},"end":{"line":64,"column":83}},"25":{"start":{"line":66,"column":29},"end":{"line":72,"column":13}},"26":{"start":{"line":74,"column":12},"end":{"line":74,"column":43}},"27":{"start":{"line":77,"column":12},"end":{"line":77,"column":64}},"28":{"start":{"line":78,"column":12},"end":{"line":78,"column":24}},"29":{"start":{"line":85,"column":0},"end":{"line":85,"column":38}}},"fnMap":{"0":{"name":"(anonymous_0)","decl":{"start":{"line":7,"column":4},"end":{"line":7,"column":5}},"loc":{"start":{"line":7,"column":47},"end":{"line":80,"column":5}},"line":7},"1":{"name":"(anonymous_1)","decl":{"start":{"line":15,"column":45},"end":{"line":15,"column":46}},"loc":{"start":{"line":15,"column":57},"end":{"line":15,"column":84}},"line":15},"2":{"name":"(anonymous_2)","decl":{"start":{"line":64,"column":54},"end":{"line":64,"column":55}},"loc":{"start":{"line":64,"column":70},"end":{"line":64,"column":83}},"line":64}},"branchMap":{"0":{"loc":{"start":{"line":11,"column":12},"end":{"line":13,"column":13}},"type":"if","locations":[{"start":{"line":11,"column":12},"end":{"line":13,"column":13}},{"start":{},"end":{}}],"line":11},"1":{"loc":{"start":{"line":44,"column":20},"end":{"line":48,"column":21}},"type":"if","locations":[{"start":{"line":44,"column":20},"end":{"line":48,"column":21}},{"start":{"line":46,"column":27},"end":{"line":48,"column":21}}],"line":44},"2":{"loc":{"start":{"line":44,"column":24},"end":{"line":44,"column":103}},"type":"binary-expr","locations":[{"start":{"line":44,"column":24},"end":{"line":44,"column":45}},{"start":{"line":44,"column":49},"end":{"line":44,"column":103}}],"line":44},"3":{"loc":{"start":{"line":45,"column":43},"end":{"line":45,"column":100}},"type":"binary-expr","locations":[{"start":{"line":45,"column":43},"end":{"line":45,"column":95}},{"start":{"line":45,"column":99},"end":{"line":45,"column":100}}],"line":45},"4":{"loc":{"start":{"line":50,"column":20},"end":{"line":54,"column":21}},"type":"if","locations":[{"start":{"line":50,"column":20},"end":{"line":54,"column":21}},{"start":{"line":52,"column":27},"end":{"line":54,"column":21}}],"line":50},"5":{"loc":{"start":{"line":50,"column":24},"end":{"line":50,"column":89}},"type":"binary-expr","locations":[{"start":{"line":50,"column":24},"end":{"line":50,"column":51}},{"start":{"line":50,"column":55},"end":{"line":50,"column":89}}],"line":50}},"s":{"0":5,"1":5,"2":8,"3":8,"4":7,"5":1,"6":6,"7":7,"8":6,"9":6,"10":6,"11":7,"12":7,"13":5,"14":5,"15":4,"16":1,"17":5,"18":4,"19":1,"20":2,"21":2,"22":2,"23":6,"24":7,"25":6,"26":6,"27":1,"28":1,"29":5},"f":{"0":8,"1":7,"2":7},"b":{"0":[1,6],"1":[4,1],"2":[5,4],"3":[4,0],"4":[4,1],"5":[5,4]},"_coverageSchema":"1a1c01bbd47fc00a2c39e90264f33305004495a9","hash":"07e204090156e5370b5789d547c38706315076f0"}
,"/Users/habs/Hacktiv8/phase-2/IP-HCK87/server/controllers/UserController.js": {"path":"/Users/habs/Hacktiv8/phase-2/IP-HCK87/server/controllers/UserController.js","statementMap":{"0":{"start":{"line":1,"column":28},"end":{"line":1,"column":56}},"1":{"start":{"line":2,"column":22},"end":{"line":2,"column":47}},"2":{"start":{"line":3,"column":17},"end":{"line":3,"column":37}},"3":{"start":{"line":4,"column":25},"end":{"line":4,"column":55}},"4":{"start":{"line":10,"column":8},"end":{"line":21,"column":9}},"5":{"start":{"line":12,"column":12},"end":{"line":12,"column":89}},"6":{"start":{"line":12,"column":27},"end":{"line":12,"column":89}},"7":{"start":{"line":13,"column":50},"end":{"line":13,"column":58}},"8":{"start":{"line":14,"column":12},"end":{"line":14,"column":61}},"9":{"start":{"line":15,"column":12},"end":{"line":15,"column":70}},"10":{"start":{"line":19,"column":12},"end":{"line":19,"column":23}},"11":{"start":{"line":27,"column":8},"end":{"line":48,"column":9}},"12":{"start":{"line":29,"column":12},"end":{"line":29,"column":89}},"13":{"start":{"line":29,"column":27},"end":{"line":29,"column":89}},"14":{"start":{"line":30,"column":40},"end":{"line":30,"column":48}},"15":{"start":{"line":31,"column":12},"end":{"line":31,"column":90}},"16":{"start":{"line":31,"column":24},"end":{"line":31,"column":90}},"17":{"start":{"line":32,"column":12},"end":{"line":32,"column":96}},"18":{"start":{"line":32,"column":27},"end":{"line":32,"column":96}},"19":{"start":{"line":33,"column":32},"end":{"line":37,"column":14}},"20":{"start":{"line":38,"column":12},"end":{"line":38,"column":105}},"21":{"start":{"line":38,"column":30},"end":{"line":38,"column":105}},"22":{"start":{"line":39,"column":36},"end":{"line":39,"column":83}},"23":{"start":{"line":40,"column":12},"end":{"line":40,"column":109}},"24":{"start":{"line":40,"column":34},"end":{"line":40,"column":109}},"25":{"start":{"line":41,"column":33},"end":{"line":41,"column":92}},"26":{"start":{"line":42,"column":12},"end":{"line":42,"column":58}},"27":{"start":{"line":46,"column":12},"end":{"line":46,"column":23}},"28":{"start":{"line":53,"column":4},"end":{"line":53,"column":87}},"29":{"start":{"line":53,"column":19},"end":{"line":53,"column":87}},"30":{"start":{"line":54,"column":4},"end":{"line":89,"column":5}},"31":{"start":{"line":55,"column":32},"end":{"line":55,"column":40}},"32":{"start":{"line":56,"column":8},"end":{"line":58,"column":9}},"33":{"start":{"line":57,"column":12},"end":{"line":57,"column":77}},"34":{"start":{"line":60,"column":23},"end":{"line":60,"column":69}},"35":{"start":{"line":61,"column":23},"end":{"line":64,"column":10}},"36":{"start":{"line":65,"column":24},"end":{"line":65,"column":43}},"37":{"start":{"line":67,"column":19},"end":{"line":67,"column":74}},"38":{"start":{"line":69,"column":8},"end":{"line":80,"column":9}},"39":{"start":{"line":71,"column":12},"end":{"line":76,"column":15}},"40":{"start":{"line":77,"column":12},"end":{"line":79,"column":15}},"41":{"start":{"line":83,"column":8},"end":{"line":85,"column":11}},"42":{"start":{"line":88,"column":8},"end":{"line":88,"column":18}},"43":{"start":{"line":95,"column":0},"end":{"line":95,"column":31}}},"fnMap":{"0":{"name":"(anonymous_0)","decl":{"start":{"line":8,"column":4},"end":{"line":8,"column":5}},"loc":{"start":{"line":8,"column":42},"end":{"line":23,"column":5}},"line":8},"1":{"name":"(anonymous_1)","decl":{"start":{"line":25,"column":4},"end":{"line":25,"column":5}},"loc":{"start":{"line":25,"column":39},"end":{"line":50,"column":5}},"line":25},"2":{"name":"(anonymous_2)","decl":{"start":{"line":52,"column":4},"end":{"line":52,"column":5}},"loc":{"start":{"line":52,"column":46},"end":{"line":90,"column":1}},"line":52}},"branchMap":{"0":{"loc":{"start":{"line":12,"column":12},"end":{"line":12,"column":89}},"type":"if","locations":[{"start":{"line":12,"column":12},"end":{"line":12,"column":89}},{"start":{},"end":{}}],"line":12},"1":{"loc":{"start":{"line":29,"column":12},"end":{"line":29,"column":89}},"type":"if","locations":[{"start":{"line":29,"column":12},"end":{"line":29,"column":89}},{"start":{},"end":{}}],"line":29},"2":{"loc":{"start":{"line":31,"column":12},"end":{"line":31,"column":90}},"type":"if","locations":[{"start":{"line":31,"column":12},"end":{"line":31,"column":90}},{"start":{},"end":{}}],"line":31},"3":{"loc":{"start":{"line":32,"column":12},"end":{"line":32,"column":96}},"type":"if","locations":[{"start":{"line":32,"column":12},"end":{"line":32,"column":96}},{"start":{},"end":{}}],"line":32},"4":{"loc":{"start":{"line":38,"column":12},"end":{"line":38,"column":105}},"type":"if","locations":[{"start":{"line":38,"column":12},"end":{"line":38,"column":105}},{"start":{},"end":{}}],"line":38},"5":{"loc":{"start":{"line":40,"column":12},"end":{"line":40,"column":109}},"type":"if","locations":[{"start":{"line":40,"column":12},"end":{"line":40,"column":109}},{"start":{},"end":{}}],"line":40},"6":{"loc":{"start":{"line":53,"column":4},"end":{"line":53,"column":87}},"type":"if","locations":[{"start":{"line":53,"column":4},"end":{"line":53,"column":87}},{"start":{},"end":{}}],"line":53},"7":{"loc":{"start":{"line":56,"column":8},"end":{"line":58,"column":9}},"type":"if","locations":[{"start":{"line":56,"column":8},"end":{"line":58,"column":9}},{"start":{},"end":{}}],"line":56},"8":{"loc":{"start":{"line":69,"column":8},"end":{"line":80,"column":9}},"type":"if","locations":[{"start":{"line":69,"column":8},"end":{"line":80,"column":9}},{"start":{},"end":{}}],"line":69}},"s":{"0":4,"1":4,"2":4,"3":4,"4":9,"5":9,"6":1,"7":8,"8":8,"9":1,"10":7,"11":13,"12":13,"13":1,"14":12,"15":12,"16":3,"17":9,"18":2,"19":7,"20":6,"21":1,"22":5,"23":5,"24":4,"25":1,"26":1,"27":1,"28":7,"29":3,"30":4,"31":4,"32":4,"33":3,"34":1,"35":1,"36":1,"37":0,"38":0,"39":0,"40":0,"41":0,"42":4,"43":4},"f":{"0":9,"1":13,"2":7},"b":{"0":[1,8],"1":[1,12],"2":[3,9],"3":[2,7],"4":[1,5],"5":[4,1],"6":[3,4],"7":[3,1],"8":[0,0]},"_coverageSchema":"1a1c01bbd47fc00a2c39e90264f33305004495a9","hash":"7c0ef7b41bdc6588d5420471e21b3a6c876fbf1a"}
,"/Users/habs/Hacktiv8/phase-2/IP-HCK87/server/controllers/WalletController.js": {"path":"/Users/habs/Hacktiv8/phase-2/IP-HCK87/server/controllers/WalletController.js","statementMap":{"0":{"start":{"line":1,"column":22},"end":{"line":1,"column":48}},"1":{"start":{"line":2,"column":34},"end":{"line":2,"column":54}},"2":{"start":{"line":9,"column":4},"end":{"line":20,"column":5}},"3":{"start":{"line":11,"column":21},"end":{"line":11,"column":32}},"4":{"start":{"line":12,"column":38},"end":{"line":12,"column":46}},"5":{"start":{"line":13,"column":24},"end":{"line":13,"column":83}},"6":{"start":{"line":14,"column":6},"end":{"line":14,"column":38}},"7":{"start":{"line":18,"column":6},"end":{"line":18,"column":18}},"8":{"start":{"line":24,"column":4},"end":{"line":46,"column":5}},"9":{"start":{"line":26,"column":21},"end":{"line":26,"column":32}},"10":{"start":{"line":27,"column":29},"end":{"line":39,"column":8}},"11":{"start":{"line":40,"column":6},"end":{"line":40,"column":43}},"12":{"start":{"line":44,"column":6},"end":{"line":44,"column":18}},"13":{"start":{"line":50,"column":4},"end":{"line":62,"column":5}},"14":{"start":{"line":52,"column":23},"end":{"line":52,"column":36}},"15":{"start":{"line":53,"column":38},"end":{"line":53,"column":46}},"16":{"start":{"line":54,"column":21},"end":{"line":54,"column":52}},"17":{"start":{"line":55,"column":28},"end":{"line":55,"column":72}},"18":{"start":{"line":56,"column":6},"end":{"line":56,"column":42}},"19":{"start":{"line":60,"column":6},"end":{"line":60,"column":18}},"20":{"start":{"line":66,"column":4},"end":{"line":77,"column":5}},"21":{"start":{"line":68,"column":23},"end":{"line":68,"column":36}},"22":{"start":{"line":69,"column":21},"end":{"line":69,"column":52}},"23":{"start":{"line":70,"column":6},"end":{"line":70,"column":29}},"24":{"start":{"line":71,"column":6},"end":{"line":71,"column":71}},"25":{"start":{"line":75,"column":6},"end":{"line":75,"column":18}},"26":{"start":{"line":83,"column":0},"end":{"line":83,"column":34}}},"fnMap":{"0":{"name":"(anonymous_0)","decl":{"start":{"line":8,"column":2},"end":{"line":8,"column":3}},"loc":{"start":{"line":8,"column":44},"end":{"line":21,"column":3}},"line":8},"1":{"name":"(anonymous_1)","decl":{"start":{"line":23,"column":2},"end":{"line":23,"column":3}},"loc":{"start":{"line":23,"column":42},"end":{"line":47,"column":3}},"line":23},"2":{"name":"(anonymous_2)","decl":{"start":{"line":49,"column":2},"end":{"line":49,"column":3}},"loc":{"start":{"line":49,"column":42},"end":{"line":63,"column":3}},"line":49},"3":{"name":"(anonymous_3)","decl":{"start":{"line":65,"column":2},"end":{"line":65,"column":3}},"loc":{"start":{"line":65,"column":44},"end":{"line":78,"column":3}},"line":65}},"branchMap":{},"s":{"0":4,"1":4,"2":5,"3":5,"4":5,"5":5,"6":2,"7":3,"8":3,"9":3,"10":3,"11":2,"12":1,"13":4,"14":4,"15":4,"16":4,"17":4,"18":3,"19":1,"20":2,"21":2,"22":2,"23":2,"24":1,"25":1,"26":4},"f":{"0":5,"1":3,"2":4,"3":2},"b":{},"_coverageSchema":"1a1c01bbd47fc00a2c39e90264f33305004495a9","hash":"24dc9c97ec528283c10fe6623af5d0015bb45da0"}
,"/Users/habs/Hacktiv8/phase-2/IP-HCK87/server/helpers/bcrypt.js": {"path":"/Users/habs/Hacktiv8/phase-2/IP-HCK87/server/helpers/bcrypt.js","statementMap":{"0":{"start":{"line":1,"column":15},"end":{"line":1,"column":34}},"1":{"start":{"line":3,"column":21},"end":{"line":7,"column":1}},"2":{"start":{"line":5,"column":4},"end":{"line":5,"column":46}},"3":{"start":{"line":10,"column":24},"end":{"line":14,"column":1}},"4":{"start":{"line":12,"column":4},"end":{"line":12,"column":64}},"5":{"start":{"line":16,"column":0},"end":{"line":16,"column":48}}},"fnMap":{"0":{"name":"(anonymous_0)","decl":{"start":{"line":3,"column":21},"end":{"line":3,"column":22}},"loc":{"start":{"line":3,"column":40},"end":{"line":7,"column":1}},"line":3},"1":{"name":"(anonymous_1)","decl":{"start":{"line":10,"column":24},"end":{"line":10,"column":25}},"loc":{"start":{"line":10,"column":63},"end":{"line":14,"column":1}},"line":10}},"branchMap":{},"s":{"0":1,"1":1,"2":33,"3":1,"4":61,"5":1},"f":{"0":33,"1":61},"b":{},"_coverageSchema":"1a1c01bbd47fc00a2c39e90264f33305004495a9","hash":"53ad20e03ce1155f866bd183efd752a68e533125"}
,"/Users/habs/Hacktiv8/phase-2/IP-HCK87/server/helpers/http.js": {"path":"/Users/habs/Hacktiv8/phase-2/IP-HCK87/server/helpers/http.js","statementMap":{"0":{"start":{"line":1,"column":14},"end":{"line":1,"column":30}},"1":{"start":{"line":3,"column":16},"end":{"line":5,"column":2}},"2":{"start":{"line":7,"column":18},"end":{"line":9,"column":2}},"3":{"start":{"line":11,"column":13},"end":{"line":13,"column":1}},"4":{"start":{"line":15,"column":0},"end":{"line":15,"column":22}}},"fnMap":{},"branchMap":{},"s":{"0":1,"1":1,"2":1,"3":1,"4":1},"f":{},"b":{},"_coverageSchema":"1a1c01bbd47fc00a2c39e90264f33305004495a9","hash":"e5c389c1b02088d55bff2c271191e0bf2c5f611e"}
,"/Users/habs/Hacktiv8/phase-2/IP-HCK87/server/helpers/jwt.js": {"path":"/Users/habs/Hacktiv8/phase-2/IP-HCK87/server/helpers/jwt.js","statementMap":{"0":{"start":{"line":1,"column":12},"end":{"line":1,"column":35}},"1":{"start":{"line":4,"column":18},"end":{"line":8,"column":1}},"2":{"start":{"line":6,"column":4},"end":{"line":6,"column":57}},"3":{"start":{"line":10,"column":20},"end":{"line":14,"column":1}},"4":{"start":{"line":12,"column":4},"end":{"line":12,"column":57}},"5":{"start":{"line":16,"column":0},"end":{"line":16,"column":41}}},"fnMap":{"0":{"name":"(anonymous_0)","decl":{"start":{"line":4,"column":18},"end":{"line":4,"column":19}},"loc":{"start":{"line":4,"column":31},"end":{"line":8,"column":1}},"line":4},"1":{"name":"(anonymous_1)","decl":{"start":{"line":10,"column":20},"end":{"line":10,"column":21}},"loc":{"start":{"line":10,"column":31},"end":{"line":14,"column":1}},"line":10}},"branchMap":{},"s":{"0":1,"1":1,"2":43,"3":1,"4":12,"5":1},"f":{"0":43,"1":12},"b":{},"_coverageSchema":"1a1c01bbd47fc00a2c39e90264f33305004495a9","hash":"3784f8bcb110c21ceaa75f00d88c90884825f6b7"}
,"/Users/habs/Hacktiv8/phase-2/IP-HCK87/server/middlewares/authentication.js": {"path":"/Users/habs/Hacktiv8/phase-2/IP-HCK87/server/middlewares/authentication.js","statementMap":{"0":{"start":{"line":1,"column":24},"end":{"line":1,"column":49}},"1":{"start":{"line":2,"column":23},"end":{"line":20,"column":1}},"2":{"start":{"line":3,"column":4},"end":{"line":5,"column":5}},"3":{"start":{"line":4,"column":8},"end":{"line":4,"column":72}},"4":{"start":{"line":6,"column":4},"end":{"line":19,"column":5}},"5":{"start":{"line":7,"column":29},"end":{"line":7,"column":68}},"6":{"start":{"line":8,"column":8},"end":{"line":10,"column":9}},"7":{"start":{"line":9,"column":12},"end":{"line":9,"column":76}},"8":{"start":{"line":11,"column":24},"end":{"line":11,"column":49}},"9":{"start":{"line":12,"column":8},"end":{"line":14,"column":9}},"10":{"start":{"line":13,"column":12},"end":{"line":13,"column":76}},"11":{"start":{"line":15,"column":8},"end":{"line":15,"column":27}},"12":{"start":{"line":16,"column":8},"end":{"line":16,"column":15}},"13":{"start":{"line":18,"column":8},"end":{"line":18,"column":20}},"14":{"start":{"line":22,"column":0},"end":{"line":22,"column":32}}},"fnMap":{"0":{"name":"(anonymous_0)","decl":{"start":{"line":2,"column":23},"end":{"line":2,"column":24}},"loc":{"start":{"line":2,"column":44},"end":{"line":20,"column":1}},"line":2}},"branchMap":{"0":{"loc":{"start":{"line":3,"column":4},"end":{"line":5,"column":5}},"type":"if","locations":[{"start":{"line":3,"column":4},"end":{"line":5,"column":5}},{"start":{},"end":{}}],"line":3},"1":{"loc":{"start":{"line":8,"column":8},"end":{"line":10,"column":9}},"type":"if","locations":[{"start":{"line":8,"column":8},"end":{"line":10,"column":9}},{"start":{},"end":{}}],"line":8},"2":{"loc":{"start":{"line":12,"column":8},"end":{"line":14,"column":9}},"type":"if","locations":[{"start":{"line":12,"column":8},"end":{"line":14,"column":9}},{"start":{},"end":{}}],"line":12}},"s":{"0":5,"1":5,"2":57,"3":8,"4":49,"5":49,"6":49,"7":1,"8":48,"9":48,"10":6,"11":42,"12":42,"13":0,"14":5},"f":{"0":57},"b":{"0":[8,49],"1":[1,48],"2":[6,42]},"_coverageSchema":"1a1c01bbd47fc00a2c39e90264f33305004495a9","hash":"2a92601e6d729b5355d7c80b5b8941bf8babc413"}
,"/Users/habs/Hacktiv8/phase-2/IP-HCK87/server/middlewares/authorization.js": {"path":"/Users/habs/Hacktiv8/phase-2/IP-HCK87/server/middlewares/authorization.js","statementMap":{"0":{"start":{"line":1,"column":19},"end":{"line":1,"column":39}},"1":{"start":{"line":3,"column":22},"end":{"line":30,"column":1}},"2":{"start":{"line":4,"column":4},"end":{"line":6,"column":5}},"3":{"start":{"line":5,"column":8},"end":{"line":5,"column":88}},"4":{"start":{"line":7,"column":17},"end":{"line":7,"column":25}},"5":{"start":{"line":9,"column":4},"end":{"line":9,"column":86}},"6":{"start":{"line":9,"column":24},"end":{"line":9,"column":86}},"7":{"start":{"line":11,"column":4},"end":{"line":28,"column":5}},"8":{"start":{"line":13,"column":23},"end":{"line":13,"column":33}},"9":{"start":{"line":15,"column":23},"end":{"line":15,"column":48}},"10":{"start":{"line":17,"column":8},"end":{"line":19,"column":9}},"11":{"start":{"line":18,"column":12},"end":{"line":18,"column":91}},"12":{"start":{"line":21,"column":8},"end":{"line":23,"column":9}},"13":{"start":{"line":22,"column":12},"end":{"line":22,"column":92}},"14":{"start":{"line":24,"column":8},"end":{"line":24,"column":15}},"15":{"start":{"line":27,"column":8},"end":{"line":27,"column":20}},"16":{"start":{"line":36,"column":0},"end":{"line":36,"column":31}}},"fnMap":{"0":{"name":"(anonymous_0)","decl":{"start":{"line":3,"column":22},"end":{"line":3,"column":23}},"loc":{"start":{"line":3,"column":48},"end":{"line":30,"column":1}},"line":3}},"branchMap":{"0":{"loc":{"start":{"line":4,"column":4},"end":{"line":6,"column":5}},"type":"if","locations":[{"start":{"line":4,"column":4},"end":{"line":6,"column":5}},{"start":{},"end":{}}],"line":4},"1":{"loc":{"start":{"line":9,"column":4},"end":{"line":9,"column":86}},"type":"if","locations":[{"start":{"line":9,"column":4},"end":{"line":9,"column":86}},{"start":{},"end":{}}],"line":9},"2":{"loc":{"start":{"line":17,"column":8},"end":{"line":19,"column":9}},"type":"if","locations":[{"start":{"line":17,"column":8},"end":{"line":19,"column":9}},{"start":{},"end":{}}],"line":17},"3":{"loc":{"start":{"line":21,"column":8},"end":{"line":23,"column":9}},"type":"if","locations":[{"start":{"line":21,"column":8},"end":{"line":23,"column":9}},{"start":{},"end":{}}],"line":21}},"s":{"0":5,"1":5,"2":14,"3":1,"4":13,"5":13,"6":1,"7":12,"8":12,"9":12,"10":11,"11":3,"12":8,"13":1,"14":7,"15":1,"16":5},"f":{"0":14},"b":{"0":[1,13],"1":[1,12],"2":[3,8],"3":[1,7]},"_coverageSchema":"1a1c01bbd47fc00a2c39e90264f33305004495a9","hash":"2d64c0abc44cf4879f38efee6bf8a4e33566b8b4"}
,"/Users/habs/Hacktiv8/phase-2/IP-HCK87/server/middlewares/errorHandling.js": {"path":"/Users/habs/Hacktiv8/phase-2/IP-HCK87/server/middlewares/errorHandling.js","statementMap":{"0":{"start":{"line":1,"column":22},"end":{"line":16,"column":1}},"1":{"start":{"line":2,"column":4},"end":{"line":4,"column":5}},"2":{"start":{"line":3,"column":8},"end":{"line":3,"column":73}},"3":{"start":{"line":5,"column":4},"end":{"line":5,"column":99}},"4":{"start":{"line":5,"column":42},"end":{"line":5,"column":99}},"5":{"start":{"line":6,"column":4},"end":{"line":6,"column":105}},"6":{"start":{"line":6,"column":35},"end":{"line":6,"column":105}},"7":{"start":{"line":7,"column":4},"end":{"line":7,"column":108}},"8":{"start":{"line":7,"column":37},"end":{"line":7,"column":108}},"9":{"start":{"line":8,"column":4},"end":{"line":11,"column":5}},"10":{"start":{"line":9,"column":24},"end":{"line":9,"column":121}},"11":{"start":{"line":10,"column":8},"end":{"line":10,"column":47}},"12":{"start":{"line":12,"column":4},"end":{"line":12,"column":102}},"13":{"start":{"line":12,"column":34},"end":{"line":12,"column":102}},"14":{"start":{"line":13,"column":4},"end":{"line":13,"column":101}},"15":{"start":{"line":13,"column":33},"end":{"line":13,"column":101}},"16":{"start":{"line":14,"column":4},"end":{"line":14,"column":69}},"17":{"start":{"line":19,"column":0},"end":{"line":19,"column":33}}},"fnMap":{"0":{"name":"(anonymous_0)","decl":{"start":{"line":1,"column":22},"end":{"line":1,"column":23}},"loc":{"start":{"line":1,"column":46},"end":{"line":16,"column":1}},"line":1}},"branchMap":{"0":{"loc":{"start":{"line":2,"column":4},"end":{"line":4,"column":5}},"type":"if","locations":[{"start":{"line":2,"column":4},"end":{"line":4,"column":5}},{"start":{},"end":{}}],"line":2},"1":{"loc":{"start":{"line":2,"column":8},"end":{"line":2,"column":39}},"type":"binary-expr","locations":[{"start":{"line":2,"column":8},"end":{"line":2,"column":12}},{"start":{"line":2,"column":16},"end":{"line":2,"column":39}}],"line":2},"2":{"loc":{"start":{"line":5,"column":4},"end":{"line":5,"column":99}},"type":"if","locations":[{"start":{"line":5,"column":4},"end":{"line":5,"column":99}},{"start":{},"end":{}}],"line":5},"3":{"loc":{"start":{"line":6,"column":4},"end":{"line":6,"column":105}},"type":"if","locations":[{"start":{"line":6,"column":4},"end":{"line":6,"column":105}},{"start":{},"end":{}}],"line":6},"4":{"loc":{"start":{"line":6,"column":74},"end":{"line":6,"column":102}},"type":"binary-expr","locations":[{"start":{"line":6,"column":74},"end":{"line":6,"column":85}},{"start":{"line":6,"column":89},"end":{"line":6,"column":102}}],"line":6},"5":{"loc":{"start":{"line":7,"column":4},"end":{"line":7,"column":108}},"type":"if","locations":[{"start":{"line":7,"column":4},"end":{"line":7,"column":108}},{"start":{},"end":{}}],"line":7},"6":{"loc":{"start":{"line":7,"column":76},"end":{"line":7,"column":105}},"type":"binary-expr","locations":[{"start":{"line":7,"column":76},"end":{"line":7,"column":87}},{"start":{"line":7,"column":91},"end":{"line":7,"column":105}}],"line":7},"7":{"loc":{"start":{"line":8,"column":4},"end":{"line":11,"column":5}},"type":"if","locations":[{"start":{"line":8,"column":4},"end":{"line":11,"column":5}},{"start":{},"end":{}}],"line":8},"8":{"loc":{"start":{"line":8,"column":8},"end":{"line":8,"column":96}},"type":"binary-expr","locations":[{"start":{"line":8,"column":8},"end":{"line":8,"column":47}},{"start":{"line":8,"column":51},"end":{"line":8,"column":96}}],"line":8},"9":{"loc":{"start":{"line":9,"column":24},"end":{"line":9,"column":121}},"type":"cond-expr","locations":[{"start":{"line":9,"column":79},"end":{"line":9,"column":100}},{"start":{"line":9,"column":103},"end":{"line":9,"column":121}}],"line":9},"10":{"loc":{"start":{"line":9,"column":24},"end":{"line":9,"column":76}},"type":"binary-expr","locations":[{"start":{"line":9,"column":24},"end":{"line":9,"column":34}},{"start":{"line":9,"column":38},"end":{"line":9,"column":51}},{"start":{"line":9,"column":55},"end":{"line":9,"column":76}}],"line":9},"11":{"loc":{"start":{"line":12,"column":4},"end":{"line":12,"column":102}},"type":"if","locations":[{"start":{"line":12,"column":4},"end":{"line":12,"column":102}},{"start":{},"end":{}}],"line":12},"12":{"loc":{"start":{"line":12,"column":73},"end":{"line":12,"column":99}},"type":"binary-expr","locations":[{"start":{"line":12,"column":73},"end":{"line":12,"column":84}},{"start":{"line":12,"column":88},"end":{"line":12,"column":99}}],"line":12},"13":{"loc":{"start":{"line":13,"column":4},"end":{"line":13,"column":101}},"type":"if","locations":[{"start":{"line":13,"column":4},"end":{"line":13,"column":101}},{"start":{},"end":{}}],"line":13},"14":{"loc":{"start":{"line":13,"column":72},"end":{"line":13,"column":98}},"type":"binary-expr","locations":[{"start":{"line":13,"column":72},"end":{"line":13,"column":83}},{"start":{"line":13,"column":87},"end":{"line":13,"column":98}}],"line":13}},"s":{"0":5,"1":89,"2":5,"3":84,"4":3,"5":81,"6":19,"7":62,"8":20,"9":42,"10":18,"11":18,"12":24,"13":4,"14":20,"15":3,"16":17,"17":5},"f":{"0":89},"b":{"0":[5,84],"1":[89,86],"2":[3,81],"3":[19,62],"4":[19,2],"5":[20,42],"6":[20,3],"7":[18,24],"8":[42,28],"9":[14,4],"10":[18,16,15],"11":[4,20],"12":[4,3],"13":[3,17],"14":[3,2]},"_coverageSchema":"1a1c01bbd47fc00a2c39e90264f33305004495a9","hash":"6f5ea76ad9faf663ba9a3e470f61f75c260a7772"}
,"/Users/habs/Hacktiv8/phase-2/IP-HCK87/server/routes/ai.js": {"path":"/Users/habs/Hacktiv8/phase-2/IP-HCK87/server/routes/ai.js","statementMap":{"0":{"start":{"line":1,"column":15},"end":{"line":1,"column":42}},"1":{"start":{"line":2,"column":21},"end":{"line":2,"column":59}},"2":{"start":{"line":4,"column":0},"end":{"line":4,"column":60}},"3":{"start":{"line":8,"column":0},"end":{"line":8,"column":23}}},"fnMap":{},"branchMap":{},"s":{"0":4,"1":4,"2":4,"3":4},"f":{},"b":{},"_coverageSchema":"1a1c01bbd47fc00a2c39e90264f33305004495a9","hash":"227d62155d497cd405f48c97f42086968f97759b"}
,"/Users/habs/Hacktiv8/phase-2/IP-HCK87/server/routes/index.js": {"path":"/Users/habs/Hacktiv8/phase-2/IP-HCK87/server/routes/index.js","statementMap":{"0":{"start":{"line":1,"column":15},"end":{"line":1,"column":42}},"1":{"start":{"line":2,"column":26},"end":{"line":2,"column":65}},"2":{"start":{"line":3,"column":14},"end":{"line":3,"column":32}},"3":{"start":{"line":4,"column":16},"end":{"line":4,"column":36}},"4":{"start":{"line":5,"column":16},"end":{"line":5,"column":36}},"5":{"start":{"line":6,"column":11},"end":{"line":6,"column":26}},"6":{"start":{"line":7,"column":20},"end":{"line":7,"column":44}},"7":{"start":{"line":8,"column":23},"end":{"line":8,"column":63}},"8":{"start":{"line":10,"column":0},"end":{"line":10,"column":18}},"9":{"start":{"line":11,"column":0},"end":{"line":11,"column":27}},"10":{"start":{"line":12,"column":0},"end":{"line":12,"column":20}},"11":{"start":{"line":13,"column":0},"end":{"line":13,"column":20}},"12":{"start":{"line":14,"column":0},"end":{"line":14,"column":15}},"13":{"start":{"line":15,"column":0},"end":{"line":15,"column":24}},"14":{"start":{"line":20,"column":0},"end":{"line":20,"column":25}},"15":{"start":{"line":21,"column":0},"end":{"line":21,"column":23}}},"fnMap":{},"branchMap":{},"s":{"0":4,"1":4,"2":4,"3":4,"4":4,"5":4,"6":4,"7":4,"8":4,"9":4,"10":4,"11":4,"12":4,"13":4,"14":4,"15":4},"f":{},"b":{},"_coverageSchema":"1a1c01bbd47fc00a2c39e90264f33305004495a9","hash":"1e08e679175a98048c79bfb89fdc31ecfb4866a9"}
,"/Users/habs/Hacktiv8/phase-2/IP-HCK87/server/routes/markets.js": {"path":"/Users/habs/Hacktiv8/phase-2/IP-HCK87/server/routes/markets.js","statementMap":{"0":{"start":{"line":1,"column":15},"end":{"line":1,"column":42}},"1":{"start":{"line":2,"column":25},"end":{"line":2,"column":67}},"2":{"start":{"line":4,"column":0},"end":{"line":4,"column":55}},"3":{"start":{"line":7,"column":0},"end":{"line":7,"column":23}}},"fnMap":{},"branchMap":{},"s":{"0":4,"1":4,"2":4,"3":4},"f":{},"b":{},"_coverageSchema":"1a1c01bbd47fc00a2c39e90264f33305004495a9","hash":"e0a2cab97e4852ef40f7731235eda9382450ba3a"}
,"/Users/habs/Hacktiv8/phase-2/IP-HCK87/server/routes/portofolios.js": {"path":"/Users/habs/Hacktiv8/phase-2/IP-HCK87/server/routes/portofolios.js","statementMap":{"0":{"start":{"line":1,"column":29},"end":{"line":1,"column":75}},"1":{"start":{"line":3,"column":15},"end":{"line":3,"column":42}},"2":{"start":{"line":6,"column":0},"end":{"line":6,"column":63}},"3":{"start":{"line":9,"column":0},"end":{"line":9,"column":23}}},"fnMap":{},"branchMap":{},"s":{"0":4,"1":4,"2":4,"3":4},"f":{},"b":{},"_coverageSchema":"1a1c01bbd47fc00a2c39e90264f33305004495a9","hash":"b8f90f7fd688b9d724c749663328ec071f90470f"}
,"/Users/habs/Hacktiv8/phase-2/IP-HCK87/server/routes/users.js": {"path":"/Users/habs/Hacktiv8/phase-2/IP-HCK87/server/routes/users.js","statementMap":{"0":{"start":{"line":1,"column":23},"end":{"line":1,"column":63}},"1":{"start":{"line":3,"column":15},"end":{"line":3,"column":42}},"2":{"start":{"line":6,"column":0},"end":{"line":6,"column":49}},"3":{"start":{"line":7,"column":0},"end":{"line":7,"column":44}},"4":{"start":{"line":8,"column":0},"end":{"line":8,"column":59}},"5":{"start":{"line":12,"column":0},"end":{"line":12,"column":23}}},"fnMap":{},"branchMap":{},"s":{"0":4,"1":4,"2":4,"3":4,"4":4,"5":4},"f":{},"b":{},"_coverageSchema":"1a1c01bbd47fc00a2c39e90264f33305004495a9","hash":"42b800c7f00661e5f3cf6a4f70aae197b7bbb6bb"}
,"/Users/habs/Hacktiv8/phase-2/IP-HCK87/server/routes/wallets.js": {"path":"/Users/habs/Hacktiv8/phase-2/IP-HCK87/server/routes/wallets.js","statementMap":{"0":{"start":{"line":1,"column":15},"end":{"line":1,"column":42}},"1":{"start":{"line":2,"column":25},"end":{"line":2,"column":67}},"2":{"start":{"line":3,"column":22},"end":{"line":3,"column":61}},"3":{"start":{"line":5,"column":0},"end":{"line":5,"column":52}},"4":{"start":{"line":6,"column":0},"end":{"line":6,"column":55}},"5":{"start":{"line":7,"column":0},"end":{"line":7,"column":71}},"6":{"start":{"line":8,"column":0},"end":{"line":8,"column":76}},"7":{"start":{"line":10,"column":0},"end":{"line":10,"column":23}}},"fnMap":{},"branchMap":{},"s":{"0":4,"1":4,"2":4,"3":4,"4":4,"5":4,"6":4,"7":4},"f":{},"b":{},"_coverageSchema":"1a1c01bbd47fc00a2c39e90264f33305004495a9","hash":"3df3bcdc1022df2039449c6cc894038a4bb558ee"}
}
