TN:
SF:controllers/AiController.js
FN:4,(anonymous_0)
FN:40,(anonymous_1)
FN:74,(anonymous_2)
FNF:3
FNH:3
FNDA:14,(anonymous_0)
FNDA:11,(anonymous_1)
FNDA:18,(anonymous_2)
DA:1,2
DA:4,2
DA:5,14
DA:7,14
DA:8,14
DA:9,14
DA:11,14
DA:13,6
DA:15,6
DA:18,8
DA:19,8
DA:21,8
DA:22,4
DA:24,4
DA:27,4
DA:32,10
DA:35,8
DA:36,0
DA:40,8
DA:41,11
DA:51,8
DA:59,6
DA:62,6
DA:75,18
DA:77,17
DA:79,17
DA:81,17
DA:118,14
DA:121,14
DA:125,3
DA:127,3
DA:136,2
LF:32
LH:31
BRDA:11,0,0,6
BRDA:11,0,1,8
BRDA:21,1,0,4
BRDA:21,1,1,4
BRDA:35,2,0,0
BRDA:35,2,1,8
BRDA:42,3,0,11
BRDA:42,3,1,2
BRDA:43,4,0,11
BRDA:43,4,1,2
BRDA:44,5,0,11
BRDA:44,5,1,2
BRDA:45,6,0,11
BRDA:45,6,1,3
BRDA:46,7,0,11
BRDA:46,7,1,3
BRDA:47,8,0,11
BRDA:47,8,1,3
BRDA:54,9,0,8
BRDA:54,9,1,5
BRDA:75,10,0,1
BRDA:75,10,1,17
BRF:22
BRH:21
end_of_record
TN:
SF:controllers/MarketController.js
FN:5,(anonymous_0)
FNF:1
FNH:1
FNDA:3,(anonymous_0)
DA:1,2
DA:7,3
DA:9,3
DA:21,1
DA:26,2
DA:36,2
LF:6
LH:6
BRF:0
BRH:0
end_of_record
TN:
SF:controllers/PortofolioController.js
FN:7,(anonymous_0)
FN:15,(anonymous_1)
FN:64,(anonymous_2)
FNF:3
FNH:3
FNDA:11,(anonymous_0)
FNDA:12,(anonymous_1)
FNDA:12,(anonymous_2)
DA:1,2
DA:2,2
DA:9,11
DA:10,11
DA:11,11
DA:12,2
DA:15,12
DA:16,9
DA:17,9
DA:19,9
DA:20,12
DA:22,12
DA:31,10
DA:44,10
DA:45,8
DA:47,2
DA:50,10
DA:51,8
DA:53,2
DA:57,2
DA:59,2
DA:60,2
DA:64,12
DA:66,9
DA:74,9
DA:77,0
DA:78,0
DA:85,2
LF:28
LH:26
BRDA:11,0,0,2
BRDA:11,0,1,9
BRDA:44,1,0,8
BRDA:44,1,1,2
BRDA:44,2,0,10
BRDA:44,2,1,9
BRDA:45,3,0,8
BRDA:45,3,1,0
BRDA:50,4,0,8
BRDA:50,4,1,2
BRDA:50,5,0,10
BRDA:50,5,1,9
BRF:12
BRH:11
end_of_record
TN:
SF:controllers/UserController.js
FN:8,(anonymous_0)
FN:25,(anonymous_1)
FN:52,(anonymous_2)
FNF:3
FNH:3
FNDA:10,(anonymous_0)
FNDA:6,(anonymous_1)
FNDA:8,(anonymous_2)
DA:1,2
DA:2,2
DA:3,2
DA:4,2
DA:10,10
DA:12,10
DA:13,8
DA:14,8
DA:15,6
DA:19,2
DA:27,6
DA:29,6
DA:30,6
DA:31,6
DA:32,4
DA:33,3
DA:38,3
DA:39,2
DA:40,2
DA:41,1
DA:42,1
DA:46,0
DA:53,8
DA:54,6
DA:55,6
DA:56,6
DA:57,2
DA:59,4
DA:60,4
DA:64,4
DA:66,4
DA:75,3
DA:76,0
DA:78,3
DA:82,3
DA:89,2
LF:36
LH:34
BRDA:12,0,0,2
BRDA:12,0,1,8
BRDA:29,1,0,0
BRDA:29,1,1,6
BRDA:31,2,0,2
BRDA:31,2,1,4
BRDA:32,3,0,1
BRDA:32,3,1,3
BRDA:38,4,0,1
BRDA:38,4,1,2
BRDA:40,5,0,1
BRDA:40,5,1,1
BRDA:53,6,0,2
BRDA:53,6,1,6
BRDA:56,7,0,2
BRDA:56,7,1,4
BRDA:75,8,0,0
BRDA:75,8,1,3
BRDA:78,9,0,1
BRDA:78,9,1,2
BRF:20
BRH:18
end_of_record
TN:
SF:controllers/WalletController.js
FN:8,(anonymous_0)
FN:23,(anonymous_1)
FN:49,(anonymous_2)
FN:65,(anonymous_3)
FNF:4
FNH:4
FNDA:10,(anonymous_0)
FNDA:2,(anonymous_1)
FNDA:3,(anonymous_2)
FNDA:9,(anonymous_3)
DA:1,3
DA:2,3
DA:9,10
DA:11,10
DA:12,10
DA:13,10
DA:14,3
DA:18,7
DA:24,2
DA:26,2
DA:27,2
DA:40,1
DA:44,1
DA:50,3
DA:52,3
DA:53,3
DA:54,3
DA:55,3
DA:56,2
DA:60,1
DA:66,9
DA:68,9
DA:69,9
DA:70,9
DA:71,8
DA:75,1
DA:83,3
LF:27
LH:27
BRF:0
BRH:0
end_of_record
TN:
SF:helpers/bcrypt.js
FN:3,(anonymous_0)
FN:10,(anonymous_1)
FNF:2
FNH:2
FNDA:5,(anonymous_0)
FNDA:9,(anonymous_1)
DA:1,4
DA:3,4
DA:5,5
DA:10,4
DA:12,9
DA:16,4
LF:6
LH:6
BRF:0
BRH:0
end_of_record
TN:
SF:helpers/http.js
FNF:0
FNH:0
DA:1,3
DA:3,3
DA:7,3
DA:11,3
DA:15,3
LF:5
LH:5
BRF:0
BRH:0
end_of_record
TN:
SF:helpers/jwt.js
FN:4,(anonymous_0)
FN:10,(anonymous_1)
FNF:2
FNH:2
FNDA:4,(anonymous_0)
FNDA:6,(anonymous_1)
DA:1,3
DA:4,3
DA:6,4
DA:10,3
DA:12,6
DA:16,3
LF:6
LH:6
BRF:0
BRH:0
end_of_record
TN:
SF:middlewares/authentication.js
FN:2,(anonymous_0)
FNF:1
FNH:1
FNDA:33,(anonymous_0)
DA:1,3
DA:2,3
DA:3,33
DA:4,6
DA:6,27
DA:7,27
DA:8,27
DA:9,4
DA:11,23
DA:12,20
DA:13,2
DA:15,18
DA:16,18
DA:18,3
DA:22,3
LF:15
LH:15
BRDA:3,0,0,6
BRDA:3,0,1,27
BRDA:8,1,0,4
BRDA:8,1,1,23
BRDA:12,2,0,2
BRDA:12,2,1,18
BRF:6
BRH:6
end_of_record
TN:
SF:middlewares/authorization.js
FN:3,(anonymous_0)
FNF:1
FNH:1
FNDA:32,(anonymous_0)
DA:1,3
DA:3,3
DA:4,32
DA:5,2
DA:7,30
DA:9,30
DA:11,28
DA:13,28
DA:15,28
DA:17,26
DA:18,4
DA:21,22
DA:22,6
DA:24,16
DA:27,2
DA:36,3
LF:16
LH:16
BRDA:4,0,0,2
BRDA:4,0,1,30
BRDA:9,1,0,2
BRDA:9,1,1,28
BRDA:17,2,0,4
BRDA:17,2,1,22
BRDA:21,3,0,6
BRDA:21,3,1,16
BRF:8
BRH:8
end_of_record
TN:
SF:middlewares/errorHandling.js
FN:1,(anonymous_0)
FNF:1
FNH:1
FNDA:53,(anonymous_0)
DA:1,8
DA:2,53
DA:3,3
DA:5,50
DA:6,49
DA:7,37
DA:8,30
DA:9,13
DA:10,13
DA:12,17
DA:13,17
DA:14,13
DA:19,8
LF:13
LH:13
BRDA:2,0,0,3
BRDA:2,0,1,50
BRDA:2,1,0,53
BRDA:2,1,1,51
BRDA:5,2,0,1
BRDA:5,2,1,49
BRDA:6,3,0,12
BRDA:6,3,1,37
BRDA:6,4,0,12
BRDA:6,4,1,1
BRDA:7,5,0,7
BRDA:7,5,1,30
BRDA:7,6,0,7
BRDA:7,6,1,1
BRDA:8,7,0,13
BRDA:8,7,1,17
BRDA:8,8,0,30
BRDA:8,8,1,19
BRDA:9,9,0,10
BRDA:9,9,1,3
BRDA:9,10,0,13
BRDA:9,10,1,12
BRDA:9,10,2,11
BRDA:12,11,0,0
BRDA:12,11,1,17
BRDA:12,12,0,0
BRDA:12,12,1,0
BRDA:13,13,0,4
BRDA:13,13,1,13
BRDA:13,14,0,4
BRDA:13,14,1,1
BRF:31
BRH:28
end_of_record
TN:
SF:models/index.js
FN:21,(anonymous_0)
FN:29,(anonymous_1)
FN:34,(anonymous_2)
FNF:3
FNH:3
FNDA:23,(anonymous_0)
FNDA:16,(anonymous_1)
FNDA:14,(anonymous_2)
DA:3,7
DA:4,7
DA:5,7
DA:6,7
DA:7,7
DA:8,7
DA:9,7
DA:10,7
DA:13,7
DA:14,0
DA:16,7
DA:19,7
DA:22,23
DA:30,16
DA:31,16
DA:34,7
DA:35,14
DA:36,13
DA:40,7
DA:41,7
DA:43,7
LF:21
LH:20
BRDA:8,0,0,7
BRDA:8,0,1,0
BRDA:13,1,0,0
BRDA:13,1,1,7
BRDA:23,2,0,23
BRDA:23,2,1,22
BRDA:23,2,2,18
BRDA:23,2,3,17
BRDA:35,3,0,13
BRDA:35,3,1,1
BRF:10
BRH:8
end_of_record
TN:
SF:models/profile.js
FN:5,(anonymous_0)
FN:12,(anonymous_1)
FN:24,(anonymous_2)
FNF:3
FNH:2
FNDA:3,(anonymous_0)
FNDA:8,(anonymous_1)
FNDA:0,(anonymous_2)
DA:4,3
DA:5,3
DA:13,8
DA:16,3
DA:24,3
DA:25,0
DA:26,0
DA:30,3
LF:8
LH:6
BRDA:25,0,0,0
BRDA:25,0,1,0
BRF:2
BRH:0
end_of_record
TN:
SF:models/user.js
FN:6,(anonymous_0)
FN:13,(anonymous_1)
FN:72,(anonymous_2)
FN:76,(anonymous_3)
FNF:4
FNH:2
FNDA:3,(anonymous_0)
FNDA:7,(anonymous_1)
FNDA:0,(anonymous_2)
FNDA:0,(anonymous_3)
DA:4,3
DA:5,3
DA:6,3
DA:14,7
DA:15,5
DA:18,3
DA:72,3
DA:73,0
DA:76,3
DA:77,0
DA:80,3
LF:11
LH:9
BRF:0
BRH:0
end_of_record
TN:
SF:models/wallet.js
FN:5,(anonymous_0)
FN:7,(anonymous_1)
FNF:2
FNH:2
FNDA:3,(anonymous_0)
FNDA:3,(anonymous_1)
DA:4,3
DA:5,3
DA:8,3
DA:11,3
DA:34,3
LF:5
LH:5
BRF:0
BRH:0
end_of_record
TN:
SF:routes/ai.js
FNF:0
FNH:0
DA:1,1
DA:2,1
DA:4,1
DA:8,1
LF:4
LH:4
BRF:0
BRH:0
end_of_record
TN:
SF:routes/index.js
FNF:0
FNH:0
DA:1,1
DA:2,1
DA:3,1
DA:4,1
DA:5,1
DA:6,1
DA:7,1
DA:8,1
DA:10,1
DA:11,1
DA:12,1
DA:13,1
DA:14,1
DA:15,1
DA:20,1
DA:21,1
LF:16
LH:16
BRF:0
BRH:0
end_of_record
TN:
SF:routes/markets.js
FNF:0
FNH:0
DA:1,1
DA:2,1
DA:4,1
DA:7,1
LF:4
LH:4
BRF:0
BRH:0
end_of_record
TN:
SF:routes/portofolios.js
FNF:0
FNH:0
DA:1,1
DA:3,1
DA:6,1
DA:9,1
LF:4
LH:4
BRF:0
BRH:0
end_of_record
TN:
SF:routes/users.js
FNF:0
FNH:0
DA:1,1
DA:3,1
DA:6,1
DA:7,1
DA:8,1
DA:12,1
LF:6
LH:6
BRF:0
BRH:0
end_of_record
TN:
SF:routes/wallets.js
FNF:0
FNH:0
DA:1,1
DA:2,1
DA:3,1
DA:5,1
DA:6,1
DA:7,1
DA:8,1
DA:10,1
LF:8
LH:8
BRF:0
BRH:0
end_of_record
