TN:
SF:controllers/AiController.js
FN:4,(anonymous_0)
FN:40,(anonymous_1)
FN:74,(anonymous_2)
FNF:3
FNH:3
FNDA:11,(anonymous_0)
FNDA:7,(anonymous_1)
FNDA:16,(anonymous_2)
DA:1,4
DA:4,4
DA:5,11
DA:7,11
DA:8,11
DA:9,11
DA:11,11
DA:13,3
DA:15,3
DA:18,8
DA:19,8
DA:21,8
DA:22,6
DA:24,6
DA:27,2
DA:32,9
DA:35,8
DA:36,1
DA:40,7
DA:41,7
DA:51,7
DA:59,4
DA:62,4
DA:75,16
DA:77,14
DA:79,14
DA:81,14
DA:118,11
DA:121,11
DA:125,3
DA:127,3
DA:136,4
LF:32
LH:32
BRDA:11,0,0,3
BRDA:11,0,1,8
BRDA:21,1,0,6
BRDA:21,1,1,2
BRDA:35,2,0,1
BRDA:35,2,1,7
BRDA:42,3,0,7
BRDA:42,3,1,0
BRDA:43,4,0,7
BRDA:43,4,1,0
BRDA:44,5,0,7
BRDA:44,5,1,1
BRDA:45,6,0,7
BRDA:45,6,1,1
BRDA:46,7,0,7
BRDA:46,7,1,1
BRDA:47,8,0,7
BRDA:47,8,1,1
BRDA:54,9,0,7
BRDA:54,9,1,0
BRDA:75,10,0,2
BRDA:75,10,1,14
BRF:22
BRH:19
end_of_record
TN:
SF:controllers/MarketController.js
FN:5,(anonymous_0)
FNF:1
FNH:1
FNDA:9,(anonymous_0)
DA:1,4
DA:7,9
DA:9,9
DA:21,5
DA:26,4
DA:36,4
LF:6
LH:6
BRF:0
BRH:0
end_of_record
TN:
SF:controllers/PortofolioController.js
FN:7,(anonymous_0)
FN:15,(anonymous_1)
FN:64,(anonymous_2)
FNF:3
FNH:3
FNDA:8,(anonymous_0)
FNDA:7,(anonymous_1)
FNDA:7,(anonymous_2)
DA:1,5
DA:2,5
DA:9,8
DA:10,8
DA:11,7
DA:12,1
DA:15,7
DA:16,6
DA:17,6
DA:19,6
DA:20,7
DA:22,7
DA:31,5
DA:44,5
DA:45,4
DA:47,1
DA:50,5
DA:51,4
DA:53,1
DA:57,2
DA:59,2
DA:60,2
DA:64,7
DA:66,6
DA:74,6
DA:77,1
DA:78,1
DA:85,5
LF:28
LH:28
BRDA:11,0,0,1
BRDA:11,0,1,6
BRDA:44,1,0,4
BRDA:44,1,1,1
BRDA:44,2,0,5
BRDA:44,2,1,4
BRDA:45,3,0,4
BRDA:45,3,1,0
BRDA:50,4,0,4
BRDA:50,4,1,1
BRDA:50,5,0,5
BRDA:50,5,1,4
BRF:12
BRH:11
end_of_record
TN:
SF:controllers/UserController.js
FN:8,(anonymous_0)
FN:25,(anonymous_1)
FN:52,(anonymous_2)
FNF:3
FNH:3
FNDA:9,(anonymous_0)
FNDA:13,(anonymous_1)
FNDA:7,(anonymous_2)
DA:1,4
DA:2,4
DA:3,4
DA:4,4
DA:10,9
DA:12,9
DA:13,8
DA:14,8
DA:15,1
DA:19,7
DA:27,13
DA:29,13
DA:30,12
DA:31,12
DA:32,9
DA:33,7
DA:38,6
DA:39,5
DA:40,5
DA:41,1
DA:42,1
DA:46,1
DA:53,7
DA:54,4
DA:55,4
DA:56,4
DA:57,3
DA:60,1
DA:61,1
DA:65,1
DA:67,0
DA:69,0
DA:71,0
DA:77,0
DA:83,0
DA:88,4
DA:95,4
LF:37
LH:32
BRDA:12,0,0,1
BRDA:12,0,1,8
BRDA:29,1,0,1
BRDA:29,1,1,12
BRDA:31,2,0,3
BRDA:31,2,1,9
BRDA:32,3,0,2
BRDA:32,3,1,7
BRDA:38,4,0,1
BRDA:38,4,1,5
BRDA:40,5,0,4
BRDA:40,5,1,1
BRDA:53,6,0,3
BRDA:53,6,1,4
BRDA:56,7,0,3
BRDA:56,7,1,1
BRDA:69,8,0,0
BRDA:69,8,1,0
BRF:18
BRH:16
end_of_record
TN:
SF:controllers/WalletController.js
FN:8,(anonymous_0)
FN:23,(anonymous_1)
FN:49,(anonymous_2)
FN:65,(anonymous_3)
FNF:4
FNH:4
FNDA:5,(anonymous_0)
FNDA:3,(anonymous_1)
FNDA:4,(anonymous_2)
FNDA:2,(anonymous_3)
DA:1,4
DA:2,4
DA:9,5
DA:11,5
DA:12,5
DA:13,5
DA:14,2
DA:18,3
DA:24,3
DA:26,3
DA:27,3
DA:40,2
DA:44,1
DA:50,4
DA:52,4
DA:53,4
DA:54,4
DA:55,4
DA:56,3
DA:60,1
DA:66,2
DA:68,2
DA:69,2
DA:70,2
DA:71,1
DA:75,1
DA:83,4
LF:27
LH:27
BRF:0
BRH:0
end_of_record
TN:
SF:helpers/bcrypt.js
FN:3,(anonymous_0)
FN:10,(anonymous_1)
FNF:2
FNH:2
FNDA:33,(anonymous_0)
FNDA:61,(anonymous_1)
DA:1,1
DA:3,1
DA:5,33
DA:10,1
DA:12,61
DA:16,1
LF:6
LH:6
BRF:0
BRH:0
end_of_record
TN:
SF:helpers/http.js
FNF:0
FNH:0
DA:1,1
DA:3,1
DA:7,1
DA:11,1
DA:15,1
LF:5
LH:5
BRF:0
BRH:0
end_of_record
TN:
SF:helpers/jwt.js
FN:4,(anonymous_0)
FN:10,(anonymous_1)
FNF:2
FNH:2
FNDA:43,(anonymous_0)
FNDA:12,(anonymous_1)
DA:1,1
DA:4,1
DA:6,43
DA:10,1
DA:12,12
DA:16,1
LF:6
LH:6
BRF:0
BRH:0
end_of_record
TN:
SF:middlewares/authentication.js
FN:2,(anonymous_0)
FNF:1
FNH:1
FNDA:57,(anonymous_0)
DA:1,5
DA:2,5
DA:3,57
DA:4,8
DA:6,49
DA:7,49
DA:8,49
DA:9,1
DA:11,48
DA:12,48
DA:13,6
DA:15,42
DA:16,42
DA:18,0
DA:22,5
LF:15
LH:14
BRDA:3,0,0,8
BRDA:3,0,1,49
BRDA:8,1,0,1
BRDA:8,1,1,48
BRDA:12,2,0,6
BRDA:12,2,1,42
BRF:6
BRH:6
end_of_record
TN:
SF:middlewares/authorization.js
FN:3,(anonymous_0)
FNF:1
FNH:1
FNDA:14,(anonymous_0)
DA:1,5
DA:3,5
DA:4,14
DA:5,1
DA:7,13
DA:9,13
DA:11,12
DA:13,12
DA:15,12
DA:17,11
DA:18,3
DA:21,8
DA:22,1
DA:24,7
DA:27,1
DA:36,5
LF:16
LH:16
BRDA:4,0,0,1
BRDA:4,0,1,13
BRDA:9,1,0,1
BRDA:9,1,1,12
BRDA:17,2,0,3
BRDA:17,2,1,8
BRDA:21,3,0,1
BRDA:21,3,1,7
BRF:8
BRH:8
end_of_record
TN:
SF:middlewares/errorHandling.js
FN:1,(anonymous_0)
FNF:1
FNH:1
FNDA:89,(anonymous_0)
DA:1,5
DA:2,89
DA:3,5
DA:5,84
DA:6,81
DA:7,62
DA:8,42
DA:9,18
DA:10,18
DA:12,24
DA:13,20
DA:14,17
DA:19,5
LF:13
LH:13
BRDA:2,0,0,5
BRDA:2,0,1,84
BRDA:2,1,0,89
BRDA:2,1,1,86
BRDA:5,2,0,3
BRDA:5,2,1,81
BRDA:6,3,0,19
BRDA:6,3,1,62
BRDA:6,4,0,19
BRDA:6,4,1,2
BRDA:7,5,0,20
BRDA:7,5,1,42
BRDA:7,6,0,20
BRDA:7,6,1,3
BRDA:8,7,0,18
BRDA:8,7,1,24
BRDA:8,8,0,42
BRDA:8,8,1,28
BRDA:9,9,0,14
BRDA:9,9,1,4
BRDA:9,10,0,18
BRDA:9,10,1,16
BRDA:9,10,2,15
BRDA:12,11,0,4
BRDA:12,11,1,20
BRDA:12,12,0,4
BRDA:12,12,1,3
BRDA:13,13,0,3
BRDA:13,13,1,17
BRDA:13,14,0,3
BRDA:13,14,1,2
BRF:31
BRH:31
end_of_record
TN:
SF:routes/ai.js
FNF:0
FNH:0
DA:1,4
DA:2,4
DA:4,4
DA:8,4
LF:4
LH:4
BRF:0
BRH:0
end_of_record
TN:
SF:routes/index.js
FNF:0
FNH:0
DA:1,4
DA:2,4
DA:3,4
DA:4,4
DA:5,4
DA:6,4
DA:7,4
DA:8,4
DA:10,4
DA:11,4
DA:12,4
DA:13,4
DA:14,4
DA:15,4
DA:20,4
DA:21,4
LF:16
LH:16
BRF:0
BRH:0
end_of_record
TN:
SF:routes/markets.js
FNF:0
FNH:0
DA:1,4
DA:2,4
DA:4,4
DA:7,4
LF:4
LH:4
BRF:0
BRH:0
end_of_record
TN:
SF:routes/portofolios.js
FNF:0
FNH:0
DA:1,4
DA:3,4
DA:6,4
DA:9,4
LF:4
LH:4
BRF:0
BRH:0
end_of_record
TN:
SF:routes/users.js
FNF:0
FNH:0
DA:1,4
DA:3,4
DA:6,4
DA:7,4
DA:8,4
DA:12,4
LF:6
LH:6
BRF:0
BRH:0
end_of_record
TN:
SF:routes/wallets.js
FNF:0
FNH:0
DA:1,4
DA:2,4
DA:3,4
DA:5,4
DA:6,4
DA:7,4
DA:8,4
DA:10,4
LF:8
LH:8
BRF:0
BRH:0
end_of_record
